[2016.02.06-19.46.48:945][  0]Log file open, 02/06/16 13:46:48
[2016.02.06-19.46.48:945][  0]LogInit:Display: Running engine for game: ExtremeStreetLuge
[2016.02.06-19.46.48:945][  0]LogPlatformFile: Not using cached read wrapper
[2016.02.06-19.46.48:945][  0]LogInit:Display: RandInit(-1661120142) SRandInit(-1661120141).
[2016.02.06-19.46.48:945][  0]LogTaskGraph: Started task graph with 4 named threads and 7 total threads.
[2016.02.06-19.46.48:945][  0]LogStats: Stats thread started at 0.073545
[2016.02.06-19.46.48:945][  0]LogInit: Version: 4.10.2-2818068+++depot+UE4-Releases+4.10
[2016.02.06-19.46.48:945][  0]LogInit: API Version: 2758231
[2016.02.06-19.46.48:945][  0]LogInit: Compiled (64-bit): Jan  6 2016 17:36:42
[2016.02.06-19.46.48:945][  0]LogInit: Compiled with Visual C++: 19.00.23026.00
[2016.02.06-19.46.48:945][  0]LogInit: Build Configuration: Development
[2016.02.06-19.46.48:945][  0]LogInit: Branch Name: ++depot+UE4-Releases+4.10
[2016.02.06-19.46.48:946][  0]LogInit: Command line: 
[2016.02.06-19.46.48:946][  0]LogInit: Base directory: C:/Program Files (x86)/Epic Games/4.10/Engine/Binaries/Win64/
[2016.02.06-19.46.48:946][  0]LogInit: Rocket: 1
[2016.02.06-19.46.48:951][  0]LogInit: Using libcurl 7.41.0
[2016.02.06-19.46.48:951][  0]LogInit:  - built for x86_64-pc-win32
[2016.02.06-19.46.48:951][  0]LogInit:  - supports SSL with WinSSL
[2016.02.06-19.46.48:951][  0]LogInit:  - other features:
[2016.02.06-19.46.48:951][  0]LogInit:      CURL_VERSION_SSL
[2016.02.06-19.46.48:951][  0]LogInit:      CURL_VERSION_IPV6
[2016.02.06-19.46.48:951][  0]LogInit:      CURL_VERSION_ASYNCHDNS
[2016.02.06-19.46.48:951][  0]LogInit:      CURL_VERSION_LARGEFILE
[2016.02.06-19.46.48:951][  0]LogInit:      CURL_VERSION_IDN
[2016.02.06-19.46.48:951][  0]LogInit:  CurlRequestOptions (configurable via config and command line):
[2016.02.06-19.46.48:951][  0]LogInit:  - bVerifyPeer = true  - Libcurl will verify peer certificate
[2016.02.06-19.46.48:951][  0]LogInit:  - bUseHttpProxy = false  - Libcurl will NOT use HTTP proxy
[2016.02.06-19.46.48:951][  0]LogInit:  - bDontReuseConnections = false  - Libcurl will reuse connections
[2016.02.06-19.46.48:951][  0]LogInit:  - CertBundlePath = nullptr  - Libcurl will use whatever was configured at build time.
[2016.02.06-19.46.48:959][  0]LogInit: Presizing for 0 objects not considered by GC, pre-allocating 0 bytes.
[2016.02.06-19.46.48:965][  0]LogInit: Object subsystem initialized
[2016.02.06-19.46.48:966][  0]LogInit: Selected Device Profile: [Windows]
[2016.02.06-19.46.48:966][  0]LogInit: Applying CVar settings loaded from the selected device profile: [Windows]
[2016.02.06-19.46.48:971][  0]LogInit: Computer: DEAN-PC
[2016.02.06-19.46.48:971][  0]LogInit: User: Dean
[2016.02.06-19.46.48:971][  0]LogInit: CPU Page size=4096, Cores=4
[2016.02.06-19.46.48:971][  0]LogInit: High frequency timer resolution =2.929716 MHz
[2016.02.06-19.46.48:971][  0]LogMemory: Memory total: Physical=16.0GB (16GB approx)
[2016.02.06-19.46.48:971][  0]LogMemory: Platform Memory Stats for Windows
[2016.02.06-19.46.48:971][  0]LogMemory: Process Physical Memory: 56.19 MB used, 56.19 MB peak
[2016.02.06-19.46.48:972][  0]LogMemory: Process Virtual Memory: 59.69 MB used, 59.69 MB peak
[2016.02.06-19.46.48:972][  0]LogMemory: Physical Memory: 9084.02 MB used, 16335.11 MB total
[2016.02.06-19.46.48:972][  0]LogMemory: Virtual Memory: 352.91 MB used, 8388608.00 MB total
[2016.02.06-19.46.49:007][  0]LogTextLocalizationManager: No specific translations for ('en-US') exist, so ('en') translations will be used.
[2016.02.06-19.46.49:492][  0]LogD3D11RHI: Found D3D11 adapter 0: NVIDIA GeForce GTX 970 (Feature Level 11_0)
[2016.02.06-19.46.49:492][  0]LogD3D11RHI: Adapter has 4007MB of dedicated video memory, 0MB of dedicated system memory, and 7911MB of shared system memory, 2 output[s]
[2016.02.06-19.46.49:492][  0]LogD3D11RHI: Chosen D3D11 Adapter Id = 0
[2016.02.06-19.46.49:497][  0]LogD3D11RHI: !Direct3DDevice
[2016.02.06-19.46.49:497][  0]LogRHI: Texture pool is 1361 MB (70% of 1945 MB)
[2016.02.06-19.46.49:504][  0]LogD3D11RHI: Async texture creation enabled
[2016.02.06-19.46.49:521][  0]LogShaderCompilers: Guid format shader working directory is -24 characters bigger than the processId version (../../../../../../Users/Dean/Documents/GitHub/ExtremeStreetLuge 4.10/Intermediate/Shaders/WorkingDirectory/11816/).
[2016.02.06-19.46.49:521][  0]LogShaderCompilers: Cleaned the shader compiler working directory 'C:/Users/Dean/AppData/Local/Temp/UnrealShaderWorkingDir/F3E29CFB49E3EE902EC5A5B154927A19/'.
[2016.02.06-19.46.49:521][  0]LogShaderCompilers:Display: Using Local Shader Compiler.
[2016.02.06-19.46.50:284][  0]LogTemp:Display: Loaded TP AllDesktopTargetPlatform
[2016.02.06-19.46.50:288][  0]LogTemp:Display: Loaded TP WindowsClientTargetPlatform
[2016.02.06-19.46.50:294][  0]LogTemp:Display: Loaded TP WindowsNoEditorTargetPlatform
[2016.02.06-19.46.50:299][  0]LogTemp:Display: Loaded TP WindowsServerTargetPlatform
[2016.02.06-19.46.50:303][  0]LogTemp:Display: Loaded TP WindowsTargetPlatform
[2016.02.06-19.46.50:306][  0]LogTemp:Display: Loaded TP AndroidTargetPlatform
[2016.02.06-19.46.50:309][  0]LogTemp:Display: Loaded TP Android_ASTCTargetPlatform
[2016.02.06-19.46.50:312][  0]LogTemp:Display: Loaded TP Android_ATCTargetPlatform
[2016.02.06-19.46.50:315][  0]LogTemp:Display: Loaded TP Android_DXTTargetPlatform
[2016.02.06-19.46.50:318][  0]LogTemp:Display: Loaded TP Android_ETC1TargetPlatform
[2016.02.06-19.46.50:321][  0]LogTemp:Display: Loaded TP Android_ETC2TargetPlatform
[2016.02.06-19.46.50:328][  0]LogTemp:Display: Loaded TP Android_MultiTargetPlatform
[2016.02.06-19.46.50:328][  0]LogTemp:Display: Loaded TP Android_PVRTCTargetPlatform
[2016.02.06-19.46.50:329][  0]LogTemp:Display: Loaded TP HTML5TargetPlatform
[2016.02.06-19.46.50:344][  0]LogTemp:Display: Loaded TP IOSTargetPlatform
[2016.02.06-19.46.50:346][  0]LogTemp:Display: Loaded TP LinuxNoEditorTargetPlatform
[2016.02.06-19.46.50:349][  0]LogTemp:Display: Loaded TP LinuxServerTargetPlatform
[2016.02.06-19.46.50:352][  0]LogTemp:Display: Loaded TP LinuxTargetPlatform
[2016.02.06-19.46.50:352][  0]LogTargetPlatformManager:Display: Building Assets For Windows
[2016.02.06-19.46.50:422][  0]LogDerivedDataCache:Display: Max Cache Size: 512 MB
[2016.02.06-19.46.50:487][  0]LogDerivedDataCache: Loaded boot cache 0.06s 41MB C:/Users/Dean/AppData/Local/UnrealEngine/4.10/DerivedDataCache/Boot.ddc.
[2016.02.06-19.46.50:487][  0]LogDerivedDataCache:Display: Loaded Boot cache: C:/Users/Dean/AppData/Local/UnrealEngine/4.10/DerivedDataCache/Boot.ddc
[2016.02.06-19.46.50:487][  0]LogDerivedDataCache: FDerivedDataBackendGraph:  Pak pak cache file ../../../../../../Users/Dean/Documents/GitHub/ExtremeStreetLuge 4.10/DerivedDataCache/DDC.ddp not found, will not use a pak cache.
[2016.02.06-19.46.50:487][  0]LogDerivedDataCache: Unable to find inner node Pak for hierarchical cache Hierarchy.
[2016.02.06-19.46.50:487][  0]LogDerivedDataCache: FDerivedDataBackendGraph:  CompressedPak pak cache file ../../../../../../Users/Dean/Documents/GitHub/ExtremeStreetLuge 4.10/DerivedDataCache/Compressed.ddp not found, will not use a pak cache.
[2016.02.06-19.46.50:487][  0]LogDerivedDataCache: Unable to find inner node CompressedPak for hierarchical cache Hierarchy.
[2016.02.06-19.46.50:549][  0]LogDerivedDataCache:Display: Pak cache opened for reading ../../../Engine/DerivedDataCache/Compressed.ddp.
[2016.02.06-19.46.50:560][  0]LogDerivedDataCache: Using Local data cache path C:/Users/Dean/AppData/Local/UnrealEngine/Common/DerivedDataCache: Writable
[2016.02.06-19.46.50:713][  0]LogInit: Selected Device Profile: [Windows]
[2016.02.06-19.46.50:714][  0]LogContentStreaming: Texture pool size is 0.000000MB
[2016.02.06-19.46.50:746][  0]LogMeshUtilities: No automatic mesh reduction module available
[2016.02.06-19.46.50:746][  0]LogMeshUtilities: No automatic mesh merging module available
[2016.02.06-19.46.51:082][  0]LogInit: WinSock: version 1.1 (2.2), MaxSocks=32767, MaxUdp=65467
[2016.02.06-19.46.51:765][  0]UdpMessaging: Initializing bridge on interface 0.0.0.0:0 to multicast group 230.0.0.1:6666.
[2016.02.06-19.46.51:872][  0]LogAssetRegistry: FAssetRegistry took 0.0107 seconds to start up
[2016.02.06-19.46.52:022][  0]SourceControl: Info Source control is disabled
[2016.02.06-19.46.52:051][  0]SourceControl: Info Source control is disabled
[2016.02.06-19.46.52:059][  0]SourceControl: Info Source control is disabled
[2016.02.06-19.46.52:067][  0]SourceControl: Info Source control is disabled
[2016.02.06-19.46.52:254][  0]LogObj: 28633 objects as part of root set at end of initial load.
[2016.02.06-19.46.52:254][  0]LogUObjectAllocator: 6099744 out of 0 bytes used by permanent object pool.
[2016.02.06-19.46.52:309][  0]LogEngine: Initializing Engine...
[2016.02.06-19.46.52:310][  0]OCULUS: Info: 02/06/16 19:46:52: [CAPI] LibOVR module is located at C:\Windows\system32\LibOVRRT64_0_8.dll

[2016.02.06-19.46.52:311][  0]OCULUS: Info: 02/06/16 19:46:52: [IPC] Call Stats for SetInitialState : x1: C2S=75.4339, S2C=3.75463, Runtime=45.0556 (microseconds) C2Ssize=80, S2Csize=81 (bytes)

[2016.02.06-19.46.52:311][  0]OCULUS: Info: 02/06/16 19:46:52: [IPC] Call Stats for IsLatencyTesterAvailable : x1: C2S=35.8397, S2C=2.73064, Runtime=0.68266 (microseconds) C2Ssize=33, S2Csize=18 (bytes)

[2016.02.06-19.46.52:311][  0]OCULUS: Info: 02/06/16 19:46:52: [IPC] Call Stats for Hmd_Create : x1: C2S=49.8342, S2C=3.07197, Runtime=8.19192 (microseconds) C2Ssize=19, S2Csize=171 (bytes)

[2016.02.06-19.46.52:311][  0]OCULUS: Info: 02/06/16 19:46:52: [IPC] Call Stats for Hmd_GetHmdInfo : x1: C2S=26.9651, S2C=5.11995, Runtime=5.11995 (microseconds) C2Ssize=23, S2Csize=699 (bytes)

[2016.02.06-19.46.52:311][  0]OCULUS: Info: 02/06/16 19:46:52: [IPC] Call Stats for SetNumberValue : x1: C2S=7.16793, S2C=3.07197, Runtime=3.4133 (microseconds) C2Ssize=55, S2Csize=25 (bytes)

[2016.02.06-19.46.52:311][  0]OCULUS: Info: 02/06/16 19:46:52: [IPC] Call Stats for SetNumberValues : x1: C2S=6.8266, S2C=3.07197, Runtime=2.04798 (microseconds) C2Ssize=81, S2Csize=25 (bytes)

[2016.02.06-19.46.52:312][  0]OCULUS: Info: 02/06/16 19:46:52: [IPC] Call Stats for Hmd_SetEnabledCaps : x1: C2S=6.8266, S2C=5.80261, Runtime=43.0076 (microseconds) C2Ssize=35, S2Csize=33 (bytes)

[2016.02.06-19.46.52:312][  0]OCULUS: Info: 02/06/16 19:46:52: [IPC] Call Stats for Hmd_ConfigureTracking : x1: C2S=10.5812, S2C=3.4133, Runtime=39.5943 (microseconds) C2Ssize=46, S2Csize=25 (bytes)

[2016.02.06-19.46.52:312][  0]OCULUS: Info: 02/06/16 19:46:52: [IPC] Call Stats for Hmd_Release : x1: C2S=8.53325, S2C=3.07197, Runtime=34.4743 (microseconds) C2Ssize=20, S2Csize=25 (bytes)

[2016.02.06-19.46.52:322][  0]LogHMD: Oculus plugin initialized. Version: 4.10.2-2818068+++depot+UE4-Releases+4.10, LibOVR: 0.8.0.0, built Jan  6 2016, 17:37:41
[2016.02.06-19.46.52:449][  0]LogAIModule: Creating AISystem for world NewWorld
[2016.02.06-19.46.52:455][  0]LogInit: XAudio2 using 'Speakers (2- High Definition Audio Device)' : 2 channels at 44.1 kHz using 16 bits per sample (channel mask 0x3)
[2016.02.06-19.46.52:465][  0]LogInit: FAudioDevice initialized.
[2016.02.06-19.46.52:493][  0]LogDerivedDataCache: Saved boot cache 0.03s 41MB C:/Users/Dean/AppData/Local/UnrealEngine/4.10/DerivedDataCache/Boot.ddc.
[2016.02.06-19.46.52:497][  0]LogInit: Texture streaming: Enabled
[2016.02.06-19.46.52:502][  0]LogAnalytics: Creating configured Analytics provider AnalyticsET
[2016.02.06-19.46.52:502][  0]LogAnalytics: [UEEditor.Rocket.Release] APIServer = http://et2.epicgames.com/ET2/. AppVersion = 4.10.2-2818068+++depot+UE4-Releases+4.10
[2016.02.06-19.46.52:502][  0]LogAnalytics: [UEEditor.Rocket.Release] SetUserId 7b51b339482da9bbf189b299adf3aa0c|0070f891d1564485b6a7c3501765c297|a537a364-d776-48f8-a009-db775471d871
[2016.02.06-19.46.52:502][  0]LogAnalytics: [UEEditor.Rocket.Release] AnalyticsET::StartSession
[2016.02.06-19.46.52:510][  0]LogInit: Transaction tracking system initialized
[2016.02.06-19.46.52:537][  0]BlueprintLog: New page: Editor Load
[2016.02.06-19.46.52:612][  0]LocalizationService: Info Localization service is disabled
[2016.02.06-19.46.52:677][  0]LogConsoleResponse:Display: 
[2016.02.06-19.46.52:785][  0]LogCook:Display: Done creating registry. It took  0.00s.
[2016.02.06-19.46.52:837][  0]LogFileCache: Scanning file cache for directory 'C:/Users/Dean/Documents/GitHub/ExtremeStreetLuge 4.10/Content/' took 0.02s
[2016.02.06-19.46.52:837][  0]SourceControl: Info Source control is disabled
[2016.02.06-19.46.52:837][  0]Cmd: MAP LOAD FILE="../../../../../../Users/Dean/Documents/GitHub/ExtremeStreetLuge 4.10/Content/StarterContent/Maps/Minimal_Default.umap" TEMPLATE=0 SHOWPROGRESS=1 FEATURELEVEL=3
[2016.02.06-19.46.52:838][  0]LightingResults: New page: Lighting Build
[2016.02.06-19.46.52:840][  0]MapCheck: New page: Map Check
[2016.02.06-19.46.52:840][  0]LightingResults: New page: Lighting Build
[2016.02.06-19.46.52:851][  0]LogParticles: Destroying 0 GPU particle simulations for FXSystem 0x000000002213EAC0
[2016.02.06-19.46.56:602][  0]LogMaterial: Missing cached shader map for material T_Rock_Basalt_Mat, compiling. 
[2016.02.06-19.47.01:951][  0]LogMaterial: Missing cached shader map for material wire_197000087, compiling. 
[2016.02.06-19.47.01:958][  0]LogMaterial: Missing cached shader map for material wire_131197167, compiling. 
[2016.02.06-19.47.01:965][  0]LogMaterial: Missing cached shader map for material wire_131197149, compiling. 
[2016.02.06-19.47.01:971][  0]LogMaterial: Missing cached shader map for material wire_083055000, compiling. 
[2016.02.06-19.47.02:268][  0]LogMaterial: Missing cached shader map for material wire_083000000, compiling. 
[2016.02.06-19.47.02:340][  0]LogMaterial: Missing cached shader map for material wire_215255169, compiling. 
[2016.02.06-19.47.02:348][  0]LogMaterial: Missing cached shader map for material wire_215255000, compiling. 
[2016.02.06-19.47.05:403][  0]LogAIModule: Creating AISystem for world Minimal_Default
[2016.02.06-19.47.05:619][  0]LogEditorServer: Finished looking for orphan Actors (0.000 secs)
[2016.02.06-19.47.05:741][  0]Cmd: MAP CHECKDEP NOCLEARLOG
[2016.02.06-19.47.05:846][  0]MapCheck:Warning: Warning AnimSingleNodeInstance_0 AnimSingleNodeInstance /Game/StarterContent/Maps/Minimal_Default.Minimal_Default:PersistentLevel.longBoarder_Blueprint_C_1.SkeletalMeshComponent0.AnimSingleNodeInstance_0 : Externally referenced 
[2016.02.06-19.47.05:846][  0]MapCheck:Warning: Warning SkeletalMeshComponent0 SkeletalMeshComponent /Game/StarterContent/Maps/Minimal_Default.Minimal_Default:PersistentLevel.longBoarder_Blueprint_C_1.SkeletalMeshComponent0 : Externally referenced 
[2016.02.06-19.47.05:846][  0]MapCheck:Warning: Warning AnimSingleNodeInstance_0 AnimSingleNodeInstance /Game/StarterContent/Maps/Minimal_Default.Minimal_Default:PersistentLevel.longBoarder_Blueprint_C_1.SkeletalMeshComponent0.AnimSingleNodeInstance_0 : Externally referenced 
[2016.02.06-19.47.05:846][  0]MapCheck:Warning: Warning rotationPoint StaticMeshComponent /Game/StarterContent/Maps/Minimal_Default.Minimal_Default:PersistentLevel.Longboard_C_0.rotationPoint : Externally referenced 
[2016.02.06-19.47.05:846][  0]MapCheck:Warning: Warning Board Model StaticMeshComponent /Game/StarterContent/Maps/Minimal_Default.Minimal_Default:PersistentLevel.Longboard_C_0.Board Model : Externally referenced 
[2016.02.06-19.47.05:846][  0]MapCheck:Warning: Warning rotationPoint StaticMeshComponent /Game/StarterContent/Maps/Minimal_Default.Minimal_Default:PersistentLevel.Longboard_C_0.rotationPoint : Externally referenced 
[2016.02.06-19.47.05:847][  0]MapCheck:Warning: Warning Board Model StaticMeshComponent /Game/StarterContent/Maps/Minimal_Default.Minimal_Default:PersistentLevel.Longboard_C_0.Board Model : Externally referenced 
[2016.02.06-19.47.05:847][  0]MapCheck:Warning: Warning SkeletalMeshComponent0 SkeletalMeshComponent /Game/StarterContent/Maps/Minimal_Default.Minimal_Default:PersistentLevel.longBoarder_Blueprint_C_1.SkeletalMeshComponent0 : Externally referenced 
[2016.02.06-19.47.05:847][  0]MapCheck:Warning: Warning SkeletalMeshComponent0 SkeletalMeshComponent /Game/StarterContent/Maps/Minimal_Default.Minimal_Default:PersistentLevel.longBoarder_Blueprint_C_1.SkeletalMeshComponent0 : Externally referenced 
[2016.02.06-19.47.05:847][  0]MapCheck:Warning: Warning StaticMeshComponent0 StaticMeshComponent /Game/StarterContent/Maps/Minimal_Default.Minimal_Default:PersistentLevel.Floor_14.StaticMeshComponent0 : Externally referenced 
[2016.02.06-19.47.05:847][  0]MapCheck:Warning: Warning StaticMeshComponent0 StaticMeshComponent /Game/StarterContent/Maps/Minimal_Default.Minimal_Default:PersistentLevel.Statue.StaticMeshComponent0 : Externally referenced 
[2016.02.06-19.47.05:847][  0]MapCheck:Warning: Warning StaticMeshComponent0 StaticMeshComponent /Game/StarterContent/Maps/Minimal_Default.Minimal_Default:PersistentLevel.Chair.StaticMeshComponent0 : Externally referenced 
[2016.02.06-19.47.05:847][  0]MapCheck:Warning: Warning StaticMeshComponent0 StaticMeshComponent /Game/StarterContent/Maps/Minimal_Default.Minimal_Default:PersistentLevel.Chair_15.StaticMeshComponent0 : Externally referenced 
[2016.02.06-19.47.05:847][  0]MapCheck:Warning: Warning StaticMeshComponent0 StaticMeshComponent /Game/StarterContent/Maps/Minimal_Default.Minimal_Default:PersistentLevel.Statue.StaticMeshComponent0 : Externally referenced 
[2016.02.06-19.47.05:847][  0]MapCheck:Warning: Warning StaticMeshComponent0 StaticMeshComponent /Game/StarterContent/Maps/Minimal_Default.Minimal_Default:PersistentLevel.Floor.StaticMeshComponent0 : Externally referenced 
[2016.02.06-19.47.05:847][  0]MapCheck:Warning: Warning StaticMeshComponent0 StaticMeshComponent /Game/StarterContent/Maps/Minimal_Default.Minimal_Default:PersistentLevel.Floor.StaticMeshComponent0 : Externally referenced 
[2016.02.06-19.47.05:847][  0]MapCheck:Warning: Warning StaticMeshComponent0 StaticMeshComponent /Game/StarterContent/Maps/Minimal_Default.Minimal_Default:PersistentLevel.Floor_14.StaticMeshComponent0 : Externally referenced 
[2016.02.06-19.47.05:847][  0]MapCheck:Warning: Warning AudioComponent0 AudioComponent /Game/StarterContent/Maps/Minimal_Default.Minimal_Default:PersistentLevel.Starter_Background_Cue_2.AudioComponent0 : Externally referenced 
[2016.02.06-19.47.05:847][  0]MapCheck:Warning: Warning StaticMeshComponent0 StaticMeshComponent /Game/StarterContent/Maps/Minimal_Default.Minimal_Default:PersistentLevel.Chair.StaticMeshComponent0 : Externally referenced 
[2016.02.06-19.47.05:847][  0]MapCheck:Warning: Warning StaticMeshComponent0 StaticMeshComponent /Game/StarterContent/Maps/Minimal_Default.Minimal_Default:PersistentLevel.Chair_15.StaticMeshComponent0 : Externally referenced 
[2016.02.06-19.47.05:847][  0]MapCheck:Warning: Warning StaticMeshComponent0 StaticMeshComponent /Game/StarterContent/Maps/Minimal_Default.Minimal_Default:PersistentLevel.Statue.StaticMeshComponent0 : Externally referenced 
[2016.02.06-19.47.05:847][  0]MapCheck:Warning: Warning StaticMeshComponent0 StaticMeshComponent /Game/StarterContent/Maps/Minimal_Default.Minimal_Default:PersistentLevel.Table.StaticMeshComponent0 : Externally referenced 
[2016.02.06-19.47.05:847][  0]MapCheck: Info Map check complete: 0 Error(s), 22 Warning(s), took 105.87ms to complete.
[2016.02.06-19.47.05:883][  0]LogFileHelpers: Loading map 'Minimal_Default' took 13.046
[2016.02.06-19.47.06:022][  0]LogCollectionManager: Loaded 0 collections in 0.002024 seconds
[2016.02.06-19.47.06:069][  0]LogFileCache: Scanning file cache for directory 'C:/Users/Dean/Documents/GitHub/ExtremeStreetLuge 4.10/Saved/Collections/' took 0.01s
[2016.02.06-19.47.06:069][  0]LogFileCache: Scanning file cache for directory 'C:/Users/Dean/Documents/GitHub/ExtremeStreetLuge 4.10/Content/Developers/Dean/Collections/' took 0.01s
[2016.02.06-19.47.06:069][  0]LogFileCache: Scanning file cache for directory 'C:/Users/Dean/Documents/GitHub/ExtremeStreetLuge 4.10/Content/Collections/' took 0.01s
[2016.02.06-19.47.06:070][  0]LogCollectionManager: Rebuilt the GUID cache for 0 collections in 0.000002 seconds
[2016.02.06-19.47.06:079][  0]LogContentBrowser: Native class hierarchy populated in 0.0097 seconds. Added 1893 classes and 338 folders.
[2016.02.06-19.47.06:086][  0]LogContentBrowser: Native class hierarchy updated for 'WidgetCarousel' in 0.0003 seconds. Added 0 classes and 0 folders.
[2016.02.06-19.47.06:130][  0]LogContentBrowser: Native class hierarchy updated for 'AddContentDialog' in 0.0003 seconds. Added 0 classes and 0 folders.
[2016.02.06-19.47.06:134][  0]LogContentBrowser: Native class hierarchy updated for 'SceneOutliner' in 0.0003 seconds. Added 1 classes and 2 folders.
[2016.02.06-19.47.06:154][  0]LogCrashTracker: Crashtracker disabled due to settings.
[2016.02.06-19.47.06:159][  0]LogUObjectGlobals:Warning: Failed to find object 'Class None.'
[2016.02.06-19.47.06:180][  0]LogLoad: Full Startup: 17.61 seconds (BP compile: 0.07 seconds)
[2016.02.06-19.47.06:189][  0]LogOcInput: OculusInput is initialized. Init status 0. Runtime version: 0.8.0.0
[2016.02.06-19.47.06:860][  0]LogContentStreaming: Texture pool size now 1000 MB
[2016.02.06-19.47.08:431][  0]LogRenderer: Reallocating scene render targets to support 1208x572 (Frame:2).
[2016.02.06-19.47.08:616][  1]LogFileCache: Retrieving MD5 hashes for directory 'C:/Users/Dean/Documents/GitHub/ExtremeStreetLuge 4.10/Content/' took 2.43s
[2016.02.06-19.47.25:805][244]LogAssetRegistry: Asset discovery search completed in 33.9428 seconds
[2016.02.06-19.47.25:805][244]LogCollectionManager: Rebuilt the object cache for 0 collections in 0.000001 seconds (found 0 objects)
[2016.02.06-19.47.25:805][244]LogCollectionManager: Fixed up redirectors for 0 collections in 0.000017 seconds (updated 0 objects)
[2016.02.06-19.49.10:607][469]MapCheck: New page: Map Check
[2016.02.06-19.49.10:661][469]Cmd: MAP REBUILD ALLVISIBLE
[2016.02.06-19.49.10:668][469]LogEditorServer: Rebuildmap Clear paths rebuilt
[2016.02.06-19.49.10:944][469]MapCheck:Warning: Warning WorldSettings_1 Hierarchical LOD System is disabled or no HLOD level settings available, unable to build LOD actors. 
[2016.02.06-19.49.10:947][469]LogStats:          STAT_HLOD_BuildClusters - 130.174 ms
[2016.02.06-19.49.10:952][469]LightingResults: New page: Lighting Build - Feb 6, 2016, 7:49:10 AM
[2016.02.06-19.49.15:778][469]LogStaticLightingSystem:Warning: No importance volume found, so the scene bounding box was used.  You can optimize your scene's quality and lighting build times by adding importance volumes.
[2016.02.06-19.49.15:779][469]LogStaticLightingSystem: Running Lightmass w/ ImmediateImport mode ENABLED
[2016.02.06-19.49.15:779][469]LogStaticLightingSystem: Running Lightmass w/ ImmediateProcess mode ENABLED
[2016.02.06-19.49.15:779][469]LogStaticLightingSystem: Running Lightmass w/ Sorting mode ENABLED
[2016.02.06-19.49.15:779][469]LogStaticLightingSystem: Running Lightmass w/ Mapping paddings ENABLED
[2016.02.06-19.49.15:779][469]LogStaticLightingSystem: Running Lightmass w/ Mapping debug paddings DISABLED
[2016.02.06-19.49.16:040][469]LogEditorBuildUtils: Build time 0:00:05
[2016.02.06-19.49.16:061][469]LogMaterial: Missing cached shader map for material FLightmassMaterialRenderer T_Rock_Basalt_Mat, compiling. 
[2016.02.06-19.49.16:079][469]LogMaterial: Missing cached shader map for material FLightmassMaterialRenderer T_Rock_Basalt_Mat, compiling. 
[2016.02.06-19.49.19:928][731]Job is a success!
[2016.02.06-19.49.20:111][732]LogMaterial:Warning: Material /Game/StarterContent/Textures/T_Rock_Basalt_Mat.T_Rock_Basalt_Mat needed to have new flag set bUsedWithStaticLighting !
[2016.02.06-19.49.20:113][732]LogMaterial: Missing cached shader map for material T_Rock_Basalt_Mat, compiling. 
[2016.02.06-19.49.20:126][732]LogMaterial: 0.000131 seconds spent updating 1 materials, 1 interfaces, 0 instances, 0 with static permutations.
[2016.02.06-19.49.20:221][732]LogTexture:Display: Building textures: SkyOcclusion0_1 (AutoDXT)
[2016.02.06-19.49.20:244][732]LogTexture:Display: Building textures: LQ_Lightmap_0_3 (DXT1)
[2016.02.06-19.49.20:248][732]LogTexture:Display: Building textures: HQ_Lightmap0_3 (AutoDXT)
[2016.02.06-19.49.20:253][732]LogTexture:Display: Building textures: SkyOcclusion0_3 (AutoDXT)
[2016.02.06-19.49.20:256][732]LogTexture:Display: Building textures: LQ_Lightmap_0_2 (DXT1)
[2016.02.06-19.49.20:300][732]LogTexture:Display: Building textures: HQ_Lightmap0_2 (AutoDXT)
[2016.02.06-19.49.20:394][732]LogTexture:Display: Building textures: SkyOcclusion0_2 (AutoDXT)
[2016.02.06-19.49.20:434][732]LogTexture:Display: Building textures: LQ_Lightmap_0_1 (DXT1)
[2016.02.06-19.49.20:439][732]LogTexture:Display: Building textures: HQ_Lightmap0_1 (AutoDXT)
[2016.02.06-19.49.20:488][732]LogTexture:Display: Building textures: ShadowMapTexture2D_0 (G8)
[2016.02.06-19.49.20:523][732]LogTexture:Display: Building textures: ShadowMapTexture2D_1 (G8)
[2016.02.06-19.49.20:529][732]LogTexture:Display: Building textures: ShadowMapTexture2D_4 (G8)
[2016.02.06-19.49.20:613][732]LogStaticLightingSystem: Illumination: 9.62 sec (389 ms encoding lightmaps)
[2016.02.06-19.49.20:613][732]LogStaticLightingSystem: Lightmap texture memory:  0.4 MB (0.4 MB streaming, 0.0 MB non-streaming), 6 textures
[2016.02.06-19.49.20:613][732]LogStaticLightingSystem: Shadowmap texture memory: 0.2 MB (0.2 MB streaming, 0.0 MB non-streaming), 3 textures
[2016.02.06-19.49.20:808][733]Cmd: MAP CHECK NOTIFYRESULTS
[2016.02.06-19.49.20:809][733]MapCheck: New page: Minimal_Default - Feb 6, 2016, 7:49:20 AM
[2016.02.06-19.49.20:955][733]MapCheck:Warning: Warning AnimSingleNodeInstance_24707 AnimSingleNodeInstance /Game/StarterContent/Maps/Minimal_Default.Minimal_Default:PersistentLevel.longBoarder_Blueprint_C_1.SkeletalMeshComponent0.AnimSingleNodeInstance_24707 : Externally referenced 
[2016.02.06-19.49.20:955][733]MapCheck:Warning: Warning longBoarder_Blueprint_C_1 SkeletalMeshComponent /Game/StarterContent/Maps/Minimal_Default.Minimal_Default:PersistentLevel.longBoarder_Blueprint_C_1.SkeletalMeshComponent0 : Externally referenced 
[2016.02.06-19.49.20:955][733]MapCheck:Warning: Warning AnimSingleNodeInstance_24707 AnimSingleNodeInstance /Game/StarterContent/Maps/Minimal_Default.Minimal_Default:PersistentLevel.longBoarder_Blueprint_C_1.SkeletalMeshComponent0.AnimSingleNodeInstance_24707 : Externally referenced 
[2016.02.06-19.49.20:955][733]MapCheck:Warning: Warning Longboard_C_0 StaticMeshComponent /Game/StarterContent/Maps/Minimal_Default.Minimal_Default:PersistentLevel.Longboard_C_0.rotationPoint : Externally referenced 
[2016.02.06-19.49.20:955][733]MapCheck:Warning: Warning Longboard_C_0 StaticMeshComponent /Game/StarterContent/Maps/Minimal_Default.Minimal_Default:PersistentLevel.Longboard_C_0.Board Model : Externally referenced 
[2016.02.06-19.49.20:955][733]MapCheck:Warning: Warning Longboard_C_0 StaticMeshComponent /Game/StarterContent/Maps/Minimal_Default.Minimal_Default:PersistentLevel.Longboard_C_0.rotationPoint : Externally referenced 
[2016.02.06-19.49.20:955][733]MapCheck:Warning: Warning Longboard_C_0 StaticMeshComponent /Game/StarterContent/Maps/Minimal_Default.Minimal_Default:PersistentLevel.Longboard_C_0.Board Model : Externally referenced 
[2016.02.06-19.49.20:955][733]MapCheck:Warning: Warning longBoarder_Blueprint_C_1 SkeletalMeshComponent /Game/StarterContent/Maps/Minimal_Default.Minimal_Default:PersistentLevel.longBoarder_Blueprint_C_1.SkeletalMeshComponent0 : Externally referenced 
[2016.02.06-19.49.20:955][733]MapCheck:Warning: Warning longBoarder_Blueprint_C_1 SkeletalMeshComponent /Game/StarterContent/Maps/Minimal_Default.Minimal_Default:PersistentLevel.longBoarder_Blueprint_C_1.SkeletalMeshComponent0 : Externally referenced 
[2016.02.06-19.49.20:955][733]MapCheck:Warning: Warning Floor_14 StaticMeshComponent /Game/StarterContent/Maps/Minimal_Default.Minimal_Default:PersistentLevel.Floor_14.StaticMeshComponent0 : Externally referenced 
[2016.02.06-19.49.20:955][733]MapCheck:Warning: Warning Statue StaticMeshComponent /Game/StarterContent/Maps/Minimal_Default.Minimal_Default:PersistentLevel.Statue.StaticMeshComponent0 : Externally referenced 
[2016.02.06-19.49.20:955][733]MapCheck:Warning: Warning Chair StaticMeshComponent /Game/StarterContent/Maps/Minimal_Default.Minimal_Default:PersistentLevel.Chair.StaticMeshComponent0 : Externally referenced 
[2016.02.06-19.49.20:955][733]MapCheck:Warning: Warning Chair_15 StaticMeshComponent /Game/StarterContent/Maps/Minimal_Default.Minimal_Default:PersistentLevel.Chair_15.StaticMeshComponent0 : Externally referenced 
[2016.02.06-19.49.20:955][733]MapCheck:Warning: Warning Statue StaticMeshComponent /Game/StarterContent/Maps/Minimal_Default.Minimal_Default:PersistentLevel.Statue.StaticMeshComponent0 : Externally referenced 
[2016.02.06-19.49.20:955][733]MapCheck:Warning: Warning Floor StaticMeshComponent /Game/StarterContent/Maps/Minimal_Default.Minimal_Default:PersistentLevel.Floor.StaticMeshComponent0 : Externally referenced 
[2016.02.06-19.49.20:956][733]MapCheck:Warning: Warning Floor StaticMeshComponent /Game/StarterContent/Maps/Minimal_Default.Minimal_Default:PersistentLevel.Floor.StaticMeshComponent0 : Externally referenced 
[2016.02.06-19.49.20:956][733]MapCheck:Warning: Warning Floor_14 StaticMeshComponent /Game/StarterContent/Maps/Minimal_Default.Minimal_Default:PersistentLevel.Floor_14.StaticMeshComponent0 : Externally referenced 
[2016.02.06-19.49.20:956][733]MapCheck:Warning: Warning Starter_Background_Cue_2 AudioComponent /Game/StarterContent/Maps/Minimal_Default.Minimal_Default:PersistentLevel.Starter_Background_Cue_2.AudioComponent0 : Externally referenced 
[2016.02.06-19.49.20:956][733]MapCheck:Warning: Warning Chair StaticMeshComponent /Game/StarterContent/Maps/Minimal_Default.Minimal_Default:PersistentLevel.Chair.StaticMeshComponent0 : Externally referenced 
[2016.02.06-19.49.20:956][733]MapCheck:Warning: Warning Chair_15 StaticMeshComponent /Game/StarterContent/Maps/Minimal_Default.Minimal_Default:PersistentLevel.Chair_15.StaticMeshComponent0 : Externally referenced 
[2016.02.06-19.49.20:956][733]MapCheck:Warning: Warning Statue StaticMeshComponent /Game/StarterContent/Maps/Minimal_Default.Minimal_Default:PersistentLevel.Statue.StaticMeshComponent0 : Externally referenced 
[2016.02.06-19.49.20:956][733]MapCheck:Warning: Warning Table StaticMeshComponent /Game/StarterContent/Maps/Minimal_Default.Minimal_Default:PersistentLevel.Table.StaticMeshComponent0 : Externally referenced 
[2016.02.06-19.49.20:956][733]MapCheck: Info Map check complete: 0 Error(s), 22 Warning(s), took 147.363ms to complete.
[2016.02.06-19.49.39:655][741]LogBlueprintUserMessages: Early PlayInEditor Detection: Level '/Game/StarterContent/Maps/Minimal_Default.Minimal_Default:PersistentLevel' has LevelScriptBlueprint '/Game/StarterContent/Maps/Minimal_Default.Minimal_Default:PersistentLevel.Minimal_Default' with GeneratedClass '/Game/StarterContent/Maps/Minimal_Default.Minimal_Default_C' with ClassGeneratedBy '/Game/StarterContent/Maps/Minimal_Default.Minimal_Default:PersistentLevel.Minimal_Default'
[2016.02.06-19.49.39:655][741]LogPlayLevel: PlayLevel: No blueprints needed recompiling
[2016.02.06-19.49.39:655][741]OCULUS: Info: 02/06/16 19:49:39: [IPC] Call Stats for Hmd_Create : x1: C2S=48.8102, S2C=20.4798, Runtime=18.4318 (microseconds) C2Ssize=19, S2Csize=171 (bytes)

[2016.02.06-19.49.39:655][741]OCULUS: Info: 02/06/16 19:49:39: [IPC] Call Stats for Hmd_GetHmdInfo : x1: C2S=27.9891, S2C=38.229, Runtime=16.3838 (microseconds) C2Ssize=23, S2Csize=699 (bytes)

[2016.02.06-19.49.39:655][741]OCULUS: Info: 02/06/16 19:49:39: [IPC] Call Stats for SetNumberValue : x1: C2S=38.229, S2C=4.77862, Runtime=6.8266 (microseconds) C2Ssize=55, S2Csize=25 (bytes)

[2016.02.06-19.49.39:655][741]OCULUS: Info: 02/06/16 19:49:39: [IPC] Call Stats for SetNumberValues : x1: C2S=12.6292, S2C=9.89857, Runtime=6.14394 (microseconds) C2Ssize=81, S2Csize=25 (bytes)

[2016.02.06-19.49.39:655][741]OCULUS: Info: 02/06/16 19:49:39: [IPC] Call Stats for Hmd_SetEnabledCaps : x1: C2S=18.4318, S2C=3.07197, Runtime=51.8822 (microseconds) C2Ssize=35, S2Csize=33 (bytes)

[2016.02.06-19.49.39:656][741]OCULUS: Info: 02/06/16 19:49:39: [IPC] Call Stats for Hmd_ConfigureTracking : x1: C2S=11.6052, S2C=2.38931, Runtime=23.2104 (microseconds) C2Ssize=46, S2Csize=25 (bytes)

[2016.02.06-19.49.39:656][741]LogHMD:Warning: HMD Oculus Rift DK2, res = 1920 x 1080
[2016.02.06-19.49.39:657][741]PIE: New page: PIE session: Minimal_Default (Feb 6, 2016, 7:49:39 AM)
[2016.02.06-19.49.39:657][741]LogPlayLevel: Creating play world package: /Game/StarterContent/Maps/UEDPIE_0_Minimal_Default
[2016.02.06-19.49.39:680][741]LogPlayLevel: PIE: StaticDuplicateObject took: (0.022912s)
[2016.02.06-19.49.39:680][741]LogAIModule: Creating AISystem for world Minimal_Default
[2016.02.06-19.49.39:680][741]LogPlayLevel: PIE: World Init took: (0.000732s)
[2016.02.06-19.49.39:681][741]LogPlayLevel: PIE: Created PIE world by copying editor world from /Game/StarterContent/Maps/Minimal_Default.Minimal_Default to /Game/StarterContent/Maps/UEDPIE_0_Minimal_Default.Minimal_Default (0.023914s)
[2016.02.06-19.49.39:700][741]LogInit: XAudio2 using 'Speakers (2- High Definition Audio Device)' : 2 channels at 44.1 kHz using 16 bits per sample (channel mask 0x3)
[2016.02.06-19.49.39:705][741]LogInit: FAudioDevice initialized.
[2016.02.06-19.49.39:754][741]LogWorld: Game class is 'LugeGameMode_C'
[2016.02.06-19.49.39:758][741]LogWorld: Bringing World /Game/StarterContent/Maps/UEDPIE_0_Minimal_Default.Minimal_Default up for play (max tick rate 0) at 2016.02.06-13.49.39
[2016.02.06-19.49.39:759][741]LogActor:Warning: GameSession /Game/StarterContent/Maps/UEDPIE_0_Minimal_Default.Minimal_Default:PersistentLevel.GameSession_0 has natively added scene component(s), but none of them were set as the actor's RootComponent - picking one arbitrarily
[2016.02.06-19.49.39:759][741]LogActor:Warning: GameNetworkManager /Game/StarterContent/Maps/UEDPIE_0_Minimal_Default.Minimal_Default:PersistentLevel.GameNetworkManager_0 has natively added scene component(s), but none of them were set as the actor's RootComponent - picking one arbitrarily
[2016.02.06-19.49.39:759][741]LogWorld: Bringing up level for play took: 0.003558
[2016.02.06-19.49.39:782][741]LogBlueprintUserMessages: [longBoarder_Blueprint_C_1] X=0.000 Y=0.000 Z=9.000
[2016.02.06-19.49.39:782][741]PIE: Info Play in editor start time for /Game/StarterContent/Maps/UEDPIE_0_Minimal_Default 0.981
[2016.02.06-19.49.39:782][741]LogBlueprintUserMessages: Late PlayInEditor Detection: Level '/Game/StarterContent/Maps/Minimal_Default.Minimal_Default:PersistentLevel' has LevelScriptBlueprint '/Game/StarterContent/Maps/Minimal_Default.Minimal_Default:PersistentLevel.Minimal_Default' with GeneratedClass '/Game/StarterContent/Maps/Minimal_Default.Minimal_Default_C' with ClassGeneratedBy '/Game/StarterContent/Maps/Minimal_Default.Minimal_Default:PersistentLevel.Minimal_Default'
[2016.02.06-19.49.39:864][741]OCULUS: Info: 02/06/16 19:49:39: [From Service] 02/06/16 19:49:39: [Sensor2Impl] Lost 16 IMU samples: 17984 2 18

[2016.02.06-19.49.40:146][749]OCULUS: Info: 02/06/16 19:49:40: [From Service] 02/06/16 19:49:40: Set ISO Interface to 7 successfully

[2016.02.06-19.49.40:299][766]OCULUS: Info: 02/06/16 19:49:40: [From Service] 02/06/16 19:49:40: [ExternalCamera] Skipped 7 frames (606642 -> 606650): Req time: 0.000000, Current CT: -1.000000

[2016.02.06-19.49.40:334][770]OCULUS: Info: 02/06/16 19:49:40: [From Service] 02/06/16 19:49:40: [ExternalCamera] Skipped 5 frames (606651 -> 606657): Req time: 0.000000, Current CT: -1.000000

[2016.02.06-19.49.40:410][779]OCULUS: Info: 02/06/16 19:49:40: [From Service] 02/06/16 19:49:40: [CameraTimeSynchronizer] successfully synchronized.

[2016.02.06-19.50.01:856][240]LogBlueprintUserMessages: Early EndPlayMap Detection: Level '/Game/StarterContent/Maps/Minimal_Default.Minimal_Default:PersistentLevel' has LevelScriptBlueprint '/Game/StarterContent/Maps/Minimal_Default.Minimal_Default:PersistentLevel.Minimal_Default' with GeneratedClass '/Game/StarterContent/Maps/Minimal_Default.Minimal_Default_C' with ClassGeneratedBy '/Game/StarterContent/Maps/Minimal_Default.Minimal_Default:PersistentLevel.Minimal_Default'
[2016.02.06-19.50.01:859][240]OCULUS: Info: 02/06/16 19:50:01: [IPC] Call Stats for Hmd_Release : x1: C2S=22.8691, S2C=19.1145, Runtime=2348.35 (microseconds) C2Ssize=20, S2Csize=25 (bytes)

[2016.02.06-19.50.01:896][240]LogBlueprintUserMessages: Late EndPlayMap Detection: Level '/Game/StarterContent/Maps/Minimal_Default.Minimal_Default:PersistentLevel' has LevelScriptBlueprint '/Game/StarterContent/Maps/Minimal_Default.Minimal_Default:PersistentLevel.Minimal_Default' with GeneratedClass '/Game/StarterContent/Maps/Minimal_Default.Minimal_Default_C' with ClassGeneratedBy '/Game/StarterContent/Maps/Minimal_Default.Minimal_Default:PersistentLevel.Minimal_Default'
[2016.02.06-19.50.01:918][240]LogParticles: Destroying 0 GPU particle simulations for FXSystem 0x0000000011FCD3A0
[2016.02.06-19.57.29:956][896]LogSavePackage: Save=143.022400ms
[2016.02.06-19.57.29:956][896]LogSavePackage: Moving '../../../../../../Users/Dean/Documents/GitHub/ExtremeStreetLuge 4.10/Saved/Minimal_Default_Auto1B2A707C34E009DFD0CEFB08657B30677.tmp' to '../../../../../../Users/Dean/Documents/GitHub/ExtremeStreetLuge 4.10/Saved/Autosaves/Game/StarterContent/Maps/Minimal_Default_Auto1.umap'
[2016.02.06-19.57.29:956][896]LogSavePackage: Total save time: 152.365964ms
[2016.02.06-19.57.29:956][896]LogSavePackage:Display: Finished SavePackage ../../../../../../Users/Dean/Documents/GitHub/ExtremeStreetLuge 4.10/Saved/Autosaves/Game/StarterContent/Maps/Minimal_Default_Auto1.umap
[2016.02.06-19.57.29:958][896]LogFileHelpers: Editor autosave (incl. sublevels) for '/Game/StarterContent/Maps/Minimal_Default' took 0.174
[2016.02.06-19.57.29:958][896]LogFileHelpers: Editor autosave (incl. sublevels) for all levels took 0.174
[2016.02.06-19.57.29:963][896]OBJ SavePackage: Generating thumbnails for [1] asset(s) in package [/Game/StarterContent/Textures/T_Rock_Basalt_Mat] ([1] browsable assets)...
[2016.02.06-19.57.29:996][896]OBJ SavePackage:     Rendered thumbnail for [Material /Game/StarterContent/Textures/T_Rock_Basalt_Mat.T_Rock_Basalt_Mat]
[2016.02.06-19.57.29:996][896]OBJ SavePackage: Finished generating thumbnails for package [/Game/StarterContent/Textures/T_Rock_Basalt_Mat]
[2016.02.06-19.57.30:012][896]LogSavePackage: Save=13.877795ms
[2016.02.06-19.57.30:012][896]LogSavePackage: Moving '../../../../../../Users/Dean/Documents/GitHub/ExtremeStreetLuge 4.10/Saved/T_Rock_Basalt_Mat_Auto12F43FCCB47CD7A2736F2C39D1795F679.tmp' to '../../../../../../Users/Dean/Documents/GitHub/ExtremeStreetLuge 4.10/Saved/Autosaves/Game/StarterContent/Textures/T_Rock_Basalt_Mat_Auto1.uasset'
[2016.02.06-19.57.30:013][896]LogSavePackage: Total save time: 15.577961ms
[2016.02.06-19.57.30:013][896]LogSavePackage:Display: Finished SavePackage ../../../../../../Users/Dean/Documents/GitHub/ExtremeStreetLuge 4.10/Saved/Autosaves/Game/StarterContent/Textures/T_Rock_Basalt_Mat_Auto1.uasset
[2016.02.06-19.57.30:013][896]LogFileHelpers: Auto-saving content packages took 0.053
[2016.02.06-19.58.08:088][981]LogSavePackage: Save=186.854294ms
[2016.02.06-19.58.08:088][981]LogSavePackage: Moving '../../../../../../Users/Dean/Documents/GitHub/ExtremeStreetLuge 4.10/Saved/Minimal_Default52DA692B4EAABB58C3062C814BF550C5.tmp' to '../../../../../../Users/Dean/Documents/GitHub/ExtremeStreetLuge 4.10/Content/StarterContent/Maps/Minimal_Default.umap'
[2016.02.06-19.58.08:090][981]LogSavePackage: Total save time: 189.562742ms
[2016.02.06-19.58.08:090][981]LogSavePackage:Display: Finished SavePackage ../../../../../../Users/Dean/Documents/GitHub/ExtremeStreetLuge 4.10/Content/StarterContent/Maps/Minimal_Default.umap
[2016.02.06-19.58.08:127][981]LogFileHelpers: Saving map 'Minimal_Default' took 8.466
[2016.02.06-19.58.08:138][981]LogSavePackage: Save=2.168128ms
[2016.02.06-19.58.08:138][981]LogSavePackage: Moving '../../../../../../Users/Dean/Documents/GitHub/ExtremeStreetLuge 4.10/Saved/T_Rock_Basalt_MatF68797844585F38A8FB2539D5BAE3C95.tmp' to '../../../../../../Users/Dean/Documents/GitHub/ExtremeStreetLuge 4.10/Content/StarterContent/Textures/T_Rock_Basalt_Mat.uasset'
[2016.02.06-19.58.08:139][981]LogSavePackage: Total save time: 3.863174ms
[2016.02.06-19.58.08:139][981]LogSavePackage:Display: Finished SavePackage ../../../../../../Users/Dean/Documents/GitHub/ExtremeStreetLuge 4.10/Content/StarterContent/Textures/T_Rock_Basalt_Mat.uasset
[2016.02.06-19.58.08:461][982]Cmd: QUIT_EDITOR
[2016.02.06-19.58.08:600][982]LogExit: Preparing to exit.
[2016.02.06-19.58.08:952][982]LogExit: Editor shut down
[2016.02.06-19.58.08:953][982]LogExit: Transaction tracking system shut down
[2016.02.06-19.58.08:955][982]LogParticles: Destroying 0 GPU particle simulations for FXSystem 0x000000002BD40F40
[2016.02.06-19.58.08:955][982]LogParticles: Destroying 0 GPU particle simulations for FXSystem 0x0000000033F416C0
[2016.02.06-19.58.08:955][982]LogParticles: Destroying 0 GPU particle simulations for FXSystem 0x0000000034DF1BC0
[2016.02.06-19.58.08:955][982]LogParticles: Destroying 0 GPU particle simulations for FXSystem 0x0000000035233100
[2016.02.06-19.58.08:955][982]LogParticles: Destroying 0 GPU particle simulations for FXSystem 0x0000000035233420
[2016.02.06-19.58.08:955][982]LogParticles: Destroying 0 GPU particle simulations for FXSystem 0x0000000035233880
[2016.02.06-19.58.08:955][982]LogParticles: Destroying 0 GPU particle simulations for FXSystem 0x0000000033F428E0
[2016.02.06-19.58.08:955][982]LogParticles: Destroying 0 GPU particle simulations for FXSystem 0x0000000034C3BC40
[2016.02.06-19.58.08:955][982]LogParticles: Destroying 0 GPU particle simulations for FXSystem 0x000000001041E7A0
[2016.02.06-19.58.09:091][982]LogExit: Object subsystem successfully closed.
[2016.02.06-19.58.09:106][982]LogD3D11RHI: Shutdown
[2016.02.06-19.58.09:106][982]LogD3D11RHI: CleanupD3DDevice
[2016.02.06-19.58.09:180][982]LogD3D11RHI: ~FD3D11DynamicRHI
[2016.02.06-19.58.09:191][982]LogModuleManager: Shutting down and abandoning module CookingStats (199)
[2016.02.06-19.58.09:191][982]LogModuleManager: Shutting down and abandoning module CrashTracker (198)
[2016.02.06-19.58.09:191][982]LogModuleManager: Shutting down and abandoning module SceneOutliner (197)
[2016.02.06-19.58.09:191][982]LogModuleManager: Shutting down and abandoning module SuperSearch (196)
[2016.02.06-19.58.09:191][982]LogModuleManager: Shutting down and abandoning module WidgetCarousel (195)
[2016.02.06-19.58.09:191][982]LogModuleManager: Shutting down and abandoning module AddContentDialog (194)
[2016.02.06-19.58.09:192][982]LogModuleManager: Shutting down and abandoning module EditorWidgets (193)
[2016.02.06-19.58.09:192][982]LogModuleManager: Shutting down and abandoning module CollectionManager (192)
[2016.02.06-19.58.09:193][982]LogModuleManager: Shutting down and abandoning module StatsViewer (191)
[2016.02.06-19.58.09:193][982]LogModuleManager: Shutting down and abandoning module FoliageEdit (190)
[2016.02.06-19.58.09:193][982]LogModuleManager: Shutting down and abandoning module LandscapeEditor (189)
[2016.02.06-19.58.09:193][982]LogModuleManager: Shutting down and abandoning module ActorPickerMode (188)
[2016.02.06-19.58.09:193][982]LogModuleManager: Shutting down and abandoning module GeometryMode (187)
[2016.02.06-19.58.09:193][982]LogModuleManager: Shutting down and abandoning module TextureAlignMode (186)
[2016.02.06-19.58.09:193][982]LogModuleManager: Shutting down and abandoning module BspMode (185)
[2016.02.06-19.58.09:193][982]LogModuleManager: Shutting down and abandoning module PlacementMode (184)
[2016.02.06-19.58.09:193][982]LogModuleManager: Shutting down and abandoning module AutomationWorker (183)
[2016.02.06-19.58.09:193][982]LogModuleManager: Shutting down and abandoning module CharacterAI (182)
[2016.02.06-19.58.09:193][982]LogModuleManager: Shutting down and abandoning module SmartSnapping (181)
[2016.02.06-19.58.09:193][982]LogModuleManager: Shutting down and abandoning module ViewportSnapping (180)
[2016.02.06-19.58.09:193][982]LogModuleManager: Shutting down and abandoning module LogVisualizer (179)
[2016.02.06-19.58.09:193][982]LogModuleManager: Shutting down and abandoning module GameProjectGeneration (178)
[2016.02.06-19.58.09:193][982]LogModuleManager: Shutting down and abandoning module IntroTutorials (177)
[2016.02.06-19.58.09:193][982]LogModuleManager: Shutting down and abandoning module EditorLiveStreaming (176)
[2016.02.06-19.58.09:193][982]LogModuleManager: Shutting down and abandoning module IOSPlatformEditor (175)
[2016.02.06-19.58.09:193][982]LogModuleManager: Shutting down and abandoning module HTML5PlatformEditor (174)
[2016.02.06-19.58.09:193][982]LogModuleManager: Shutting down and abandoning module AndroidDeviceDetection (173)
[2016.02.06-19.58.09:774][982]LogModuleManager: Shutting down and abandoning module AndroidPlatformEditor (172)
[2016.02.06-19.58.09:774][982]LogModuleManager: Shutting down and abandoning module IOSRuntimeSettings (171)
[2016.02.06-19.58.09:774][982]LogModuleManager: Shutting down and abandoning module AndroidRuntimeSettings (170)
[2016.02.06-19.58.09:774][982]LogModuleManager: Shutting down and abandoning module MergeActors (169)
[2016.02.06-19.58.09:774][982]LogModuleManager: Shutting down and abandoning module SizeMap (168)
[2016.02.06-19.58.09:774][982]LogModuleManager: Shutting down and abandoning module TreeMap (167)
[2016.02.06-19.58.09:774][982]LogModuleManager: Shutting down and abandoning module ReferenceViewer (166)
[2016.02.06-19.58.09:774][982]LogModuleManager: Shutting down and abandoning module LocalizationService (165)
[2016.02.06-19.58.09:774][982]LogModuleManager: Shutting down and abandoning module LocalizationDashboard (164)
[2016.02.06-19.58.09:774][982]LogModuleManager: Shutting down and abandoning module HardwareTargeting (163)
[2016.02.06-19.58.09:774][982]LogModuleManager: Shutting down and abandoning module DeviceProfileEditor (162)
[2016.02.06-19.58.09:774][982]LogModuleManager: Shutting down and abandoning module UndoHistory (161)
[2016.02.06-19.58.09:775][982]LogModuleManager: Shutting down and abandoning module GameplayTagsEditor (160)
[2016.02.06-19.58.09:775][982]LogModuleManager: Shutting down and abandoning module UserFeedback (159)
[2016.02.06-19.58.09:775][982]LogModuleManager: Shutting down and abandoning module XmlParser (158)
[2016.02.06-19.58.09:775][982]LogModuleManager: Shutting down and abandoning module Blutility (157)
[2016.02.06-19.58.09:775][982]LogModuleManager: Shutting down and abandoning module ProjectTargetPlatformEditor (156)
[2016.02.06-19.58.09:775][982]LogModuleManager: Shutting down and abandoning module ProjectSettingsViewer (155)
[2016.02.06-19.58.09:775][982]LogModuleManager: Shutting down and abandoning module InputBindingEditor (154)
[2016.02.06-19.58.09:775][982]LogModuleManager: Shutting down and abandoning module EditorSettingsViewer (153)
[2016.02.06-19.58.09:775][982]LogModuleManager: Shutting down and abandoning module SettingsEditor (152)
[2016.02.06-19.58.09:775][982]LogModuleManager: Shutting down and abandoning module ProjectLauncher (151)
[2016.02.06-19.58.09:775][982]LogModuleManager: Shutting down and abandoning module SessionFrontend (150)
[2016.02.06-19.58.09:775][982]LogModuleManager: Shutting down and abandoning module ProfilerClient (149)
[2016.02.06-19.58.09:775][982]LogModuleManager: Shutting down and abandoning module TargetDeviceServices (148)
[2016.02.06-19.58.09:775][982]LogModuleManager: Shutting down and abandoning module DeviceManager (147)
[2016.02.06-19.58.09:775][982]LogModuleManager: Shutting down and abandoning module AutomationController (146)
[2016.02.06-19.58.09:775][982]LogModuleManager: Shutting down and abandoning module AutomationWindow (145)
[2016.02.06-19.58.09:775][982]LogModuleManager: Shutting down and abandoning module Layers (144)
[2016.02.06-19.58.09:775][982]LogModuleManager: Shutting down and abandoning module ComponentVisualizers (143)
[2016.02.06-19.58.09:776][982]LogModuleManager: Shutting down and abandoning module DetailCustomizations (142)
[2016.02.06-19.58.09:776][982]LogModuleManager: Shutting down and abandoning module PackagesDialog (141)
[2016.02.06-19.58.09:776][982]LogModuleManager: Shutting down and abandoning module Persona (140)
[2016.02.06-19.58.09:776][982]LogModuleManager: Shutting down and abandoning module Kismet (139)
[2016.02.06-19.58.09:776][982]LogModuleManager: Shutting down and abandoning module GraphEditor (138)
[2016.02.06-19.58.09:776][982]LogModuleManager: Shutting down and abandoning module ClassViewer (137)
[2016.02.06-19.58.09:776][982]LogModuleManager: Shutting down and abandoning module Toolbox (136)
[2016.02.06-19.58.09:776][982]LogModuleManager: Shutting down and abandoning module ModuleUI (135)
[2016.02.06-19.58.09:776][982]LogModuleManager: Shutting down and abandoning module MovieSceneTools (134)
[2016.02.06-19.58.09:776][982]LogModuleManager: Shutting down and abandoning module OutputLog (133)
[2016.02.06-19.58.09:776][982]LogModuleManager: Shutting down and abandoning module GammaUI (132)
[2016.02.06-19.58.09:776][982]LogModuleManager: Shutting down and abandoning module Documentation (131)
[2016.02.06-19.58.09:776][982]LogModuleManager: Shutting down and abandoning module GameLiveStreaming (130)
[2016.02.06-19.58.09:776][982]LogModuleManager: Shutting down and abandoning module StreamingPauseRendering (129)
[2016.02.06-19.58.09:776][982]LogModuleManager: Shutting down and abandoning module AnalyticsET (128)
[2016.02.06-19.58.09:776][982]LogModuleManager: Shutting down and abandoning module Analytics (127)
[2016.02.06-19.58.09:776][982]LogModuleManager: Shutting down and abandoning module AITestSuite (126)
[2016.02.06-19.58.09:776][982]LogModuleManager: Shutting down and abandoning module GameplayDebugger (125)
[2016.02.06-19.58.09:776][982]LogModuleManager: Shutting down and abandoning module AIModule (124)
[2016.02.06-19.58.09:776][982]LogModuleManager: Shutting down and abandoning module ProfilerService (123)
[2016.02.06-19.58.09:903][982]LogModuleManager: Shutting down and abandoning module TaskGraph (122)
[2016.02.06-19.58.09:903][982]LogModuleManager: Shutting down and abandoning module SlateRemote (121)
[2016.02.06-19.58.09:903][982]LogModuleManager: Shutting down and abandoning module SteamVRController (120)
[2016.02.06-19.58.09:903][982]LogModuleManager: Shutting down and abandoning module SteamVR (119)
[2016.02.06-19.58.09:903][982]LogModuleManager: Shutting down and abandoning module ProceduralMeshComponent (118)
[2016.02.06-19.58.09:903][982]LogModuleManager: Shutting down and abandoning module OculusLibrary (117)
[2016.02.06-19.58.09:903][982]LogModuleManager: Shutting down and abandoning module OculusInput (116)
[2016.02.06-19.58.09:903][982]LogModuleManager: Shutting down and abandoning module LeapMotionController (115)
[2016.02.06-19.58.09:915][982]LogModuleManager: Shutting down and abandoning module CustomMeshComponent (114)
[2016.02.06-19.58.09:915][982]LogModuleManager: Shutting down and abandoning module CableComponent (113)
[2016.02.06-19.58.09:915][982]LogModuleManager: Shutting down and abandoning module ArchVisCharacter (112)
[2016.02.06-19.58.09:915][982]LogModuleManager: Shutting down and abandoning module MessagingDebugger (111)
[2016.02.06-19.58.09:915][982]LogModuleManager: Shutting down and abandoning module MediaPlayerEditor (110)
[2016.02.06-19.58.09:916][982]LogModuleManager: Shutting down and abandoning module HTML5Networking (109)
[2016.02.06-19.58.09:916][982]LogModuleManager: Shutting down and abandoning module SpeedTreeImporter (108)
[2016.02.06-19.58.09:916][982]LogModuleManager: Shutting down and abandoning module PluginBrowser (107)
[2016.02.06-19.58.09:916][982]LogModuleManager: Shutting down and abandoning module EpicSurvey (106)
[2016.02.06-19.58.09:916][982]LogModuleManager: Shutting down and abandoning module DesktopPlatform (105)
[2016.02.06-19.58.09:916][982]LogModuleManager: Shutting down and abandoning module VisualStudioSourceCodeAccess (104)
[2016.02.06-19.58.09:916][982]LogModuleManager: Shutting down and abandoning module UObjectPlugin (103)
[2016.02.06-19.58.09:916][982]LogModuleManager: Shutting down and abandoning module SubversionSourceControl (102)
[2016.02.06-19.58.09:916][982]LogModuleManager: Shutting down and abandoning module PerforceSourceControl (101)
[2016.02.06-19.58.09:916][982]LogModuleManager: Shutting down and abandoning module SourceControl (100)
[2016.02.06-19.58.09:916][982]LogModuleManager: Shutting down and abandoning module GitSourceControl (99)
[2016.02.06-19.58.09:916][982]LogModuleManager: Shutting down and abandoning module LightPropagationVolumeEditor (98)
[2016.02.06-19.58.09:916][982]LogModuleManager: Shutting down and abandoning module PaperTiledImporter (97)
[2016.02.06-19.58.09:916][982]LogModuleManager: Shutting down and abandoning module PaperSpriteSheetImporter (96)
[2016.02.06-19.58.09:916][982]LogModuleManager: Shutting down and abandoning module MeshPaint (95)
[2016.02.06-19.58.09:916][982]LogModuleManager: Shutting down and abandoning module SlateReflector (94)
[2016.02.06-19.58.09:916][982]LogModuleManager: Shutting down and abandoning module HotReload (93)
[2016.02.06-19.58.09:916][982]LogModuleManager: Shutting down and abandoning module MainFrame (92)
[2016.02.06-19.58.09:916][982]LogModuleManager: Shutting down and abandoning module LevelEditor (91)
[2016.02.06-19.58.09:917][982]LogModuleManager: Shutting down and abandoning module DirectoryWatcher (90)
[2016.02.06-19.58.09:917][982]LogModuleManager: Shutting down and abandoning module AssetRegistry (89)
[2016.02.06-19.58.10:031][982]LogModuleManager: Shutting down and abandoning module ContentBrowser (88)
[2016.02.06-19.58.10:031][982]LogModuleManager: Shutting down and abandoning module Paper2DEditor (87)
[2016.02.06-19.58.10:032][982]LogModuleManager: Shutting down and abandoning module UdpMessaging (86)
[2016.02.06-19.58.10:132][982]LogModuleManager: Shutting down and abandoning module LightPropagationVolumeRuntime (85)
[2016.02.06-19.58.10:132][982]LogModuleManager: Shutting down and abandoning module Paper2D (84)
[2016.02.06-19.58.10:132][982]LogModuleManager: Shutting down and abandoning module WindowsMoviePlayer (83)
[2016.02.06-19.58.10:135][982]LogModuleManager: Shutting down and abandoning module Media (82)
[2016.02.06-19.58.10:135][982]LogModuleManager: Shutting down and abandoning module WmfMedia (81)
[2016.02.06-19.58.10:136][982]LogModuleManager: Shutting down and abandoning module OnlineBlueprintSupport (80)
[2016.02.06-19.58.10:136][982]LogModuleManager: Shutting down and abandoning module GameplayTasksEditor (79)
[2016.02.06-19.58.10:136][982]LogModuleManager: Shutting down and abandoning module PropertyEditor (78)
[2016.02.06-19.58.10:136][982]LogModuleManager: Shutting down and abandoning module BehaviorTreeEditor (77)
[2016.02.06-19.58.10:136][982]LogModuleManager: Shutting down and abandoning module FunctionalTesting (76)
[2016.02.06-19.58.10:136][982]LogModuleManager: Shutting down and abandoning module CollisionAnalyzer (75)
[2016.02.06-19.58.10:136][982]LogModuleManager: Shutting down and abandoning module WorkspaceMenuStructure (74)
[2016.02.06-19.58.10:136][982]LogModuleManager: Shutting down and abandoning module MessageLog (73)
[2016.02.06-19.58.10:136][982]LogModuleManager: Shutting down and abandoning module Sequencer (72)
[2016.02.06-19.58.10:136][982]LogModuleManager: Shutting down and abandoning module AssetTools (71)
[2016.02.06-19.58.10:136][982]LogModuleManager: Shutting down and abandoning module UMGEditor (70)
[2016.02.06-19.58.10:136][982]LogModuleManager: Shutting down and abandoning module UMG (69)
[2016.02.06-19.58.10:136][982]LogModuleManager: Shutting down and abandoning module Slate (68)
[2016.02.06-19.58.10:136][982]LogModuleManager: Shutting down and abandoning module EditorStyle (67)
[2016.02.06-19.58.10:138][982]LogModuleManager: Shutting down and abandoning module SessionServices (66)
[2016.02.06-19.58.10:138][982]LogModuleManager: Shutting down and abandoning module SourceCodeAccess (65)
[2016.02.06-19.58.10:138][982]LogModuleManager: Shutting down and abandoning module HeadMountedDisplay (64)
[2016.02.06-19.58.10:138][982]LogModuleManager: Shutting down and abandoning module XAudio2 (63)
[2016.02.06-19.58.10:138][982]LogModuleManager: Shutting down and abandoning module Networking (61)
[2016.02.06-19.58.10:138][982]LogModuleManager: Shutting down and abandoning module Core (60)
[2016.02.06-19.58.10:138][982]LogModuleManager: Shutting down and abandoning module KismetCompiler (59)
[2016.02.06-19.58.10:138][982]LogModuleManager: Shutting down and abandoning module PhysXFormats (58)
[2016.02.06-19.58.10:138][982]LogModuleManager: Shutting down and abandoning module MeshUtilities (57)
[2016.02.06-19.58.10:138][982]LogModuleManager: Shutting down and abandoning module DerivedDataCache (56)
[2016.02.06-19.58.10:167][982]LogDerivedDataCache: Shutdown
[2016.02.06-19.58.10:167][982]LogModuleManager: Shutting down and abandoning module ShaderFormatOpenGL (55)
[2016.02.06-19.58.10:167][982]LogModuleManager: Shutting down and abandoning module ShaderFormatD3D (54)
[2016.02.06-19.58.10:167][982]LogModuleManager: Shutting down and abandoning module MetalShaderFormat (53)
[2016.02.06-19.58.10:167][982]LogModuleManager: Shutting down and abandoning module TextureFormatUncompressed (52)
[2016.02.06-19.58.10:167][982]LogModuleManager: Shutting down and abandoning module TextureFormatPVR (51)
[2016.02.06-19.58.10:167][982]LogModuleManager: Shutting down and abandoning module TextureFormatIntelISPCTexComp (50)
[2016.02.06-19.58.10:167][982]LogModuleManager: Shutting down and abandoning module TextureFormatDXT (49)
[2016.02.06-19.58.10:167][982]LogModuleManager: Shutting down and abandoning module ImageWrapper (48)
[2016.02.06-19.58.10:167][982]LogModuleManager: Shutting down and abandoning module TextureFormatASTC (47)
[2016.02.06-19.58.10:167][982]LogModuleManager: Shutting down and abandoning module TextureFormatAndroid (46)
[2016.02.06-19.58.10:167][982]LogModuleManager: Shutting down and abandoning module AudioFormatOpus (45)
[2016.02.06-19.58.10:167][982]LogModuleManager: Shutting down and abandoning module AudioFormatOgg (44)
[2016.02.06-19.58.10:167][982]LogModuleManager: Shutting down and abandoning module AudioFormatADPCM (43)
[2016.02.06-19.58.10:167][982]LogModuleManager: Shutting down and abandoning module LinuxTargetPlatform (42)
[2016.02.06-19.58.10:167][982]LogModuleManager: Shutting down and abandoning module LinuxServerTargetPlatform (41)
[2016.02.06-19.58.10:167][982]LogModuleManager: Shutting down and abandoning module LinuxNoEditorTargetPlatform (40)
[2016.02.06-19.58.10:167][982]LogModuleManager: Shutting down and abandoning module Messaging (39)
[2016.02.06-19.58.10:167][982]LogModuleManager: Shutting down and abandoning module IOSTargetPlatform (38)
[2016.02.06-19.58.10:167][982]LogModuleManager: Shutting down and abandoning module HTML5TargetPlatform (37)
[2016.02.06-19.58.10:167][982]LogModuleManager: Shutting down and abandoning module Android_PVRTCTargetPlatform (36)
[2016.02.06-19.58.10:167][982]LogModuleManager: Shutting down and abandoning module Android_MultiTargetPlatform (35)
[2016.02.06-19.58.10:167][982]LogModuleManager: Shutting down and abandoning module Android_ETC2TargetPlatform (34)
[2016.02.06-19.58.10:167][982]LogModuleManager: Shutting down and abandoning module Android_ETC1TargetPlatform (33)
[2016.02.06-19.58.10:167][982]LogModuleManager: Shutting down and abandoning module Android_DXTTargetPlatform (32)
[2016.02.06-19.58.10:167][982]LogModuleManager: Shutting down and abandoning module Android_ATCTargetPlatform (31)
[2016.02.06-19.58.10:167][982]LogModuleManager: Shutting down and abandoning module Android_ASTCTargetPlatform (30)
[2016.02.06-19.58.10:167][982]LogModuleManager: Shutting down and abandoning module AndroidTargetPlatform (29)
[2016.02.06-19.58.10:167][982]LogModuleManager: Shutting down and abandoning module WindowsTargetPlatform (28)
[2016.02.06-19.58.10:167][982]LogModuleManager: Shutting down and abandoning module WindowsServerTargetPlatform (27)
[2016.02.06-19.58.10:167][982]LogModuleManager: Shutting down and abandoning module WindowsNoEditorTargetPlatform (26)
[2016.02.06-19.58.10:167][982]LogModuleManager: Shutting down and abandoning module WindowsClientTargetPlatform (25)
[2016.02.06-19.58.10:167][982]LogModuleManager: Shutting down and abandoning module AllDesktopTargetPlatform (24)
[2016.02.06-19.58.10:167][982]LogModuleManager: Shutting down and abandoning module TargetPlatform (23)
[2016.02.06-19.58.10:167][982]LogModuleManager: Shutting down and abandoning module InputCore (22)
[2016.02.06-19.58.10:167][982]LogModuleManager: Shutting down and abandoning module Settings (21)
[2016.02.06-19.58.10:167][982]LogModuleManager: Shutting down and abandoning module OnlineSubsystem (19)
[2016.02.06-19.58.10:167][982]LogModuleManager: Shutting down and abandoning module HTTP (18)
[2016.02.06-19.58.12:168][982]LogModuleManager: Shutting down and abandoning module XMPP (17)
[2016.02.06-19.58.12:168][982]LogModuleManager: Shutting down and abandoning module OculusRift (16)
[2016.02.06-19.58.12:168][982]LogHMD: Oculus shutdown.
[2016.02.06-19.58.12:168][982]LogModuleManager: Shutting down and abandoning module ExampleDeviceProfileSelector (15)
[2016.02.06-19.58.12:168][982]LogModuleManager: Shutting down and abandoning module TextureCompressor (14)
[2016.02.06-19.58.12:168][982]LogModuleManager: Shutting down and abandoning module ShaderCore (13)
[2016.02.06-19.58.12:168][982]LogModuleManager: Shutting down and abandoning module Landscape (12)
[2016.02.06-19.58.12:168][982]LogModuleManager: Shutting down and abandoning module SlateRHIRenderer (11)
[2016.02.06-19.58.12:169][982]LogModuleManager: Shutting down and abandoning module OpenGLDrv (10)
[2016.02.06-19.58.12:169][982]LogModuleManager: Shutting down and abandoning module D3D11RHI (9)
[2016.02.06-19.58.12:169][982]LogModuleManager: Shutting down and abandoning module AnimGraphRuntime (8)
[2016.02.06-19.58.12:169][982]LogModuleManager: Shutting down and abandoning module Renderer (7)
[2016.02.06-19.58.12:169][982]LogModuleManager: Shutting down and abandoning module Engine (6)
[2016.02.06-19.58.12:169][982]LogModuleManager: Shutting down and abandoning module CoreUObject (5)
[2016.02.06-19.58.12:169][982]LogModuleManager: Shutting down and abandoning module NetworkFile (4)
[2016.02.06-19.58.12:169][982]LogModuleManager: Shutting down and abandoning module StreamingFile (3)
[2016.02.06-19.58.12:169][982]LogModuleManager: Shutting down and abandoning module SandboxFile (2)
[2016.02.06-19.58.12:169][982]LogModuleManager: Shutting down and abandoning module PakFile (1)
[2016.02.06-19.58.12:170][982]LogExit: Exiting.
[2016.02.06-19.58.12:185][982]Log file closed, 02/06/16 13:58:12
